<?xml version="1.0" encoding="UTF-8"?>
<!-- Generated by org.testng.reporters.JUnitReportReporter -->
<testsuite hostname="AUD32706NH" name="tests.TestNGTest" tests="1" failures="0" timestamp="15 Oct 2015 04:28:00 GMT" time="7.190" errors="0">
  <testcase name="testMyFirstWebDriver" time="7.190" classname="tests.TestNGTest"/>
</testsuite> <!-- tests.TestNGTest -->
