<?xml version="1.0" encoding="UTF-8"?>
<!-- Generated by org.testng.reporters.JUnitReportReporter -->
<testsuite hostname="AUD32706NH" name="tests.VerificationPointTestNGTest" tests="1" failures="0" timestamp="15 Oct 2015 04:28:00 GMT" time="3.852" errors="0">
  <testcase name="testMyFirstWebDriver" time="3.852" classname="tests.VerificationPointTestNGTest"/>
</testsuite> <!-- tests.VerificationPointTestNGTest -->
